{"C:\\Users\\s-f-d\\OneDrive\\Escritorio\\muni_front\\fron_semestralFS3\\src\\components\\AlertCard.tsx": {"path":"C:\\Users\\s-f-d\\OneDrive\\Escritorio\\muni_front\\fron_semestralFS3\\src\\components\\AlertCard.tsx","statementMap":{"0":{"start":{"line":14,"column":51},"end":{"line":121,"column":null}},"1":{"start":{"line":15,"column":36},"end":{"line":15,"column":null}},"2":{"start":{"line":16,"column":24},"end":{"line":16,"column":null}},"3":{"start":{"line":17,"column":32},"end":{"line":17,"column":null}},"4":{"start":{"line":18,"column":28},"end":{"line":18,"column":null}},"5":{"start":{"line":20,"column":26},"end":{"line":45,"column":null}},"6":{"start":{"line":21,"column":4},"end":{"line":24,"column":null}},"7":{"start":{"line":22,"column":6},"end":{"line":22,"column":null}},"8":{"start":{"line":23,"column":6},"end":{"line":23,"column":null}},"9":{"start":{"line":26,"column":4},"end":{"line":26,"column":null}},"10":{"start":{"line":27,"column":4},"end":{"line":44,"column":null}},"11":{"start":{"line":28,"column":6},"end":{"line":34,"column":null}},"12":{"start":{"line":36,"column":6},"end":{"line":38,"column":null}},"13":{"start":{"line":37,"column":8},"end":{"line":37,"column":null}},"14":{"start":{"line":40,"column":6},"end":{"line":40,"column":null}},"15":{"start":{"line":41,"column":6},"end":{"line":41,"column":null}},"16":{"start":{"line":43,"column":6},"end":{"line":43,"column":null}},"17":{"start":{"line":47,"column":24},"end":{"line":49,"column":null}},"18":{"start":{"line":51,"column":2},"end":{"line":119,"column":null}},"19":{"start":{"line":94,"column":31},"end":{"line":94,"column":null}},"20":{"start":{"line":101,"column":31},"end":{"line":101,"column":null}},"21":{"start":{"line":105,"column":37},"end":{"line":105,"column":60}},"22":{"start":{"line":113,"column":27},"end":{"line":113,"column":null}}},"fnMap":{"0":{"name":"(anonymous_0)","decl":{"start":{"line":14,"column":51},"end":{"line":14,"column":52}},"loc":{"start":{"line":14,"column":84},"end":{"line":121,"column":null}},"line":14},"1":{"name":"(anonymous_1)","decl":{"start":{"line":20,"column":26},"end":{"line":20,"column":38}},"loc":{"start":{"line":20,"column":38},"end":{"line":45,"column":null}},"line":20},"2":{"name":"(anonymous_2)","decl":{"start":{"line":94,"column":24},"end":{"line":94,"column":25}},"loc":{"start":{"line":94,"column":31},"end":{"line":94,"column":null}},"line":94},"3":{"name":"(anonymous_3)","decl":{"start":{"line":101,"column":24},"end":{"line":101,"column":25}},"loc":{"start":{"line":101,"column":31},"end":{"line":101,"column":null}},"line":101},"4":{"name":"(anonymous_4)","decl":{"start":{"line":105,"column":31},"end":{"line":105,"column":37}},"loc":{"start":{"line":105,"column":37},"end":{"line":105,"column":60}},"line":105},"5":{"name":"(anonymous_5)","decl":{"start":{"line":113,"column":21},"end":{"line":113,"column":27}},"loc":{"start":{"line":113,"column":27},"end":{"line":113,"column":null}},"line":113}},"branchMap":{"0":{"loc":{"start":{"line":21,"column":4},"end":{"line":24,"column":null}},"type":"if","locations":[{"start":{"line":21,"column":4},"end":{"line":24,"column":null}},{"start":{},"end":{}}],"line":21},"1":{"loc":{"start":{"line":21,"column":8},"end":{"line":21,"column":30}},"type":"binary-expr","locations":[{"start":{"line":21,"column":8},"end":{"line":21,"column":18}},{"start":{"line":21,"column":18},"end":{"line":21,"column":30}}],"line":21},"2":{"loc":{"start":{"line":36,"column":6},"end":{"line":38,"column":null}},"type":"if","locations":[{"start":{"line":36,"column":6},"end":{"line":38,"column":null}},{"start":{},"end":{}}],"line":36},"3":{"loc":{"start":{"line":47,"column":24},"end":{"line":49,"column":null}},"type":"cond-expr","locations":[{"start":{"line":48,"column":6},"end":{"line":48,"column":null}},{"start":{"line":49,"column":6},"end":{"line":49,"column":null}}],"line":47},"4":{"loc":{"start":{"line":79,"column":11},"end":{"line":83,"column":null}},"type":"binary-expr","locations":[{"start":{"line":79,"column":11},"end":{"line":79,"column":null}},{"start":{"line":80,"column":12},"end":{"line":83,"column":null}}],"line":79},"5":{"loc":{"start":{"line":88,"column":9},"end":{"line":117,"column":null}},"type":"cond-expr","locations":[{"start":{"line":89,"column":10},"end":{"line":110,"column":null}},{"start":{"line":112,"column":10},"end":{"line":117,"column":null}}],"line":88},"6":{"loc":{"start":{"line":107,"column":17},"end":{"line":107,"column":null}},"type":"cond-expr","locations":[{"start":{"line":107,"column":27},"end":{"line":107,"column":35}},{"start":{"line":107,"column":35},"end":{"line":107,"column":null}}],"line":107}},"s":{"0":0,"1":0,"2":0,"3":0,"4":0,"5":0,"6":0,"7":0,"8":0,"9":0,"10":0,"11":0,"12":0,"13":0,"14":0,"15":0,"16":0,"17":0,"18":0,"19":0,"20":0,"21":0,"22":0},"f":{"0":0,"1":0,"2":0,"3":0,"4":0,"5":0},"b":{"0":[0,0],"1":[0,0],"2":[0,0],"3":[0,0],"4":[0,0],"5":[0,0],"6":[0,0]},"meta":{"lastBranch":7,"lastFunction":6,"lastStatement":23,"seen":{"s:14:51:121:Infinity":0,"f:14:51:14:52":0,"s:15:36:15:Infinity":1,"s:16:24:16:Infinity":2,"s:17:32:17:Infinity":3,"s:18:28:18:Infinity":4,"s:20:26:45:Infinity":5,"f:20:26:20:38":1,"b:21:4:24:Infinity:undefined:undefined:undefined:undefined":0,"s:21:4:24:Infinity":6,"b:21:8:21:18:21:18:21:30":1,"s:22:6:22:Infinity":7,"s:23:6:23:Infinity":8,"s:26:4:26:Infinity":9,"s:27:4:44:Infinity":10,"s:28:6:34:Infinity":11,"b:36:6:38:Infinity:undefined:undefined:undefined:undefined":2,"s:36:6:38:Infinity":12,"s:37:8:37:Infinity":13,"s:40:6:40:Infinity":14,"s:41:6:41:Infinity":15,"s:43:6:43:Infinity":16,"s:47:24:49:Infinity":17,"b:48:6:48:Infinity:49:6:49:Infinity":3,"s:51:2:119:Infinity":18,"b:79:11:79:Infinity:80:12:83:Infinity":4,"b:89:10:110:Infinity:112:10:117:Infinity":5,"f:94:24:94:25":2,"s:94:31:94:Infinity":19,"f:101:24:101:25":3,"s:101:31:101:Infinity":20,"f:105:31:105:37":4,"s:105:37:105:60":21,"b:107:27:107:35:107:35:107:Infinity":6,"f:113:21:113:27":5,"s:113:27:113:Infinity":22}}}
,"C:\\Users\\s-f-d\\OneDrive\\Escritorio\\muni_front\\fron_semestralFS3\\src\\components\\FireMap.tsx": {"path":"C:\\Users\\s-f-d\\OneDrive\\Escritorio\\muni_front\\fron_semestralFS3\\src\\components\\FireMap.tsx","statementMap":{"0":{"start":{"line":11,"column":21},"end":{"line":19,"column":null}},"1":{"start":{"line":22,"column":24},"end":{"line":22,"column":null}},"2":{"start":{"line":23,"column":36},"end":{"line":23,"column":null}},"3":{"start":{"line":24,"column":28},"end":{"line":24,"column":null}},"4":{"start":{"line":27,"column":2},"end":{"line":39,"column":null}},"5":{"start":{"line":28,"column":23},"end":{"line":37,"column":null}},"6":{"start":{"line":29,"column":6},"end":{"line":36,"column":null}},"7":{"start":{"line":30,"column":21},"end":{"line":30,"column":null}},"8":{"start":{"line":31,"column":8},"end":{"line":31,"column":null}},"9":{"start":{"line":33,"column":8},"end":{"line":33,"column":null}},"10":{"start":{"line":35,"column":8},"end":{"line":35,"column":null}},"11":{"start":{"line":38,"column":4},"end":{"line":38,"column":null}},"12":{"start":{"line":42,"column":35},"end":{"line":42,"column":null}},"13":{"start":{"line":44,"column":2},"end":{"line":177,"column":null}},"14":{"start":{"line":65,"column":12},"end":{"line":95,"column":null}},"15":{"start":{"line":70,"column":35},"end":{"line":70,"column":null}},"16":{"start":{"line":71,"column":34},"end":{"line":71,"column":null}}},"fnMap":{"0":{"name":"FireMap","decl":{"start":{"line":21,"column":16},"end":{"line":21,"column":26}},"loc":{"start":{"line":21,"column":26},"end":{"line":179,"column":null}},"line":21},"1":{"name":"(anonymous_1)","decl":{"start":{"line":27,"column":12},"end":{"line":27,"column":18}},"loc":{"start":{"line":27,"column":18},"end":{"line":39,"column":5}},"line":27},"2":{"name":"(anonymous_2)","decl":{"start":{"line":28,"column":23},"end":{"line":28,"column":35}},"loc":{"start":{"line":28,"column":35},"end":{"line":37,"column":null}},"line":28},"3":{"name":"(anonymous_3)","decl":{"start":{"line":64,"column":21},"end":{"line":64,"column":22}},"loc":{"start":{"line":65,"column":12},"end":{"line":95,"column":null}},"line":65},"4":{"name":"(anonymous_4)","decl":{"start":{"line":70,"column":29},"end":{"line":70,"column":35}},"loc":{"start":{"line":70,"column":35},"end":{"line":70,"column":null}},"line":70},"5":{"name":"(anonymous_5)","decl":{"start":{"line":71,"column":28},"end":{"line":71,"column":34}},"loc":{"start":{"line":71,"column":34},"end":{"line":71,"column":null}},"line":71}},"branchMap":{"0":{"loc":{"start":{"line":47,"column":7},"end":{"line":97,"column":null}},"type":"cond-expr","locations":[{"start":{"line":48,"column":8},"end":{"line":50,"column":null}},{"start":{"line":52,"column":8},"end":{"line":97,"column":null}}],"line":47},"1":{"loc":{"start":{"line":77,"column":74},"end":{"line":77,"column":141}},"type":"cond-expr","locations":[{"start":{"line":77,"column":104},"end":{"line":77,"column":121}},{"start":{"line":77,"column":121},"end":{"line":77,"column":141}}],"line":77},"2":{"loc":{"start":{"line":78,"column":59},"end":{"line":78,"column":98}},"type":"cond-expr","locations":[{"start":{"line":78,"column":80},"end":{"line":78,"column":91}},{"start":{"line":78,"column":91},"end":{"line":78,"column":98}}],"line":78},"3":{"loc":{"start":{"line":88,"column":25},"end":{"line":88,"column":null}},"type":"cond-expr","locations":[{"start":{"line":88,"column":55},"end":{"line":88,"column":67}},{"start":{"line":88,"column":67},"end":{"line":88,"column":null}}],"line":88},"4":{"loc":{"start":{"line":89,"column":29},"end":{"line":89,"column":null}},"type":"cond-expr","locations":[{"start":{"line":89,"column":59},"end":{"line":89,"column":71}},{"start":{"line":89,"column":71},"end":{"line":89,"column":null}}],"line":89},"5":{"loc":{"start":{"line":126,"column":54},"end":{"line":126,"column":85}},"type":"cond-expr","locations":[{"start":{"line":126,"column":64},"end":{"line":126,"column":73}},{"start":{"line":126,"column":73},"end":{"line":126,"column":85}}],"line":126},"6":{"loc":{"start":{"line":165,"column":9},"end":{"line":174,"column":null}},"type":"binary-expr","locations":[{"start":{"line":165,"column":9},"end":{"line":165,"column":null}},{"start":{"line":166,"column":10},"end":{"line":174,"column":null}}],"line":165}},"s":{"0":1,"1":2,"2":2,"3":2,"4":2,"5":1,"6":1,"7":1,"8":1,"9":0,"10":1,"11":1,"12":2,"13":2,"14":1,"15":0,"16":0},"f":{"0":2,"1":1,"2":1,"3":1,"4":0,"5":0},"b":{"0":[1,1],"1":[1,0],"2":[0,1],"3":[1,0],"4":[1,0],"5":[1,1],"6":[2,0]},"meta":{"lastBranch":7,"lastFunction":6,"lastStatement":17,"seen":{"s:11:21:19:Infinity":0,"f:21:16:21:26":0,"s:22:24:22:Infinity":1,"s:23:36:23:Infinity":2,"s:24:28:24:Infinity":3,"s:27:2:39:Infinity":4,"f:27:12:27:18":1,"s:28:23:37:Infinity":5,"f:28:23:28:35":2,"s:29:6:36:Infinity":6,"s:30:21:30:Infinity":7,"s:31:8:31:Infinity":8,"s:33:8:33:Infinity":9,"s:35:8:35:Infinity":10,"s:38:4:38:Infinity":11,"s:42:35:42:Infinity":12,"s:44:2:177:Infinity":13,"b:48:8:50:Infinity:52:8:97:Infinity":0,"f:64:21:64:22":3,"s:65:12:95:Infinity":14,"f:70:29:70:35":4,"s:70:35:70:Infinity":15,"f:71:28:71:34":5,"s:71:34:71:Infinity":16,"b:77:104:77:121:77:121:77:141":1,"b:78:80:78:91:78:91:78:98":2,"b:88:55:88:67:88:67:88:Infinity":3,"b:89:59:89:71:89:71:89:Infinity":4,"b:126:64:126:73:126:73:126:85":5,"b:165:9:165:Infinity:166:10:174:Infinity":6}}}
,"C:\\Users\\s-f-d\\OneDrive\\Escritorio\\muni_front\\fron_semestralFS3\\src\\components\\Login.tsx": {"path":"C:\\Users\\s-f-d\\OneDrive\\Escritorio\\muni_front\\fron_semestralFS3\\src\\components\\Login.tsx","statementMap":{"0":{"start":{"line":13,"column":30},"end":{"line":13,"column":null}},"1":{"start":{"line":14,"column":36},"end":{"line":14,"column":null}},"2":{"start":{"line":15,"column":28},"end":{"line":15,"column":null}},"3":{"start":{"line":16,"column":38},"end":{"line":16,"column":null}},"4":{"start":{"line":17,"column":44},"end":{"line":17,"column":null}},"5":{"start":{"line":18,"column":50},"end":{"line":18,"column":null}},"6":{"start":{"line":20,"column":4},"end":{"line":27,"column":null}},"7":{"start":{"line":21,"column":27},"end":{"line":21,"column":null}},"8":{"start":{"line":22,"column":8},"end":{"line":26,"column":null}},"9":{"start":{"line":23,"column":12},"end":{"line":23,"column":null}},"10":{"start":{"line":24,"column":12},"end":{"line":24,"column":null}},"11":{"start":{"line":25,"column":12},"end":{"line":25,"column":null}},"12":{"start":{"line":29,"column":25},"end":{"line":38,"column":null}},"13":{"start":{"line":30,"column":8},"end":{"line":30,"column":null}},"14":{"start":{"line":31,"column":8},"end":{"line":31,"column":null}},"15":{"start":{"line":33,"column":8},"end":{"line":37,"column":null}},"16":{"start":{"line":34,"column":12},"end":{"line":34,"column":null}},"17":{"start":{"line":35,"column":12},"end":{"line":35,"column":null}},"18":{"start":{"line":36,"column":12},"end":{"line":36,"column":null}},"19":{"start":{"line":40,"column":32},"end":{"line":44,"column":null}},"20":{"start":{"line":41,"column":8},"end":{"line":41,"column":null}},"21":{"start":{"line":42,"column":8},"end":{"line":42,"column":null}},"22":{"start":{"line":43,"column":8},"end":{"line":43,"column":null}},"23":{"start":{"line":46,"column":4},"end":{"line":173,"column":null}},"24":{"start":{"line":86,"column":43},"end":{"line":86,"column":null}},"25":{"start":{"line":96,"column":43},"end":{"line":96,"column":null}},"26":{"start":{"line":116,"column":57},"end":{"line":116,"column":null}},"27":{"start":{"line":132,"column":53},"end":{"line":132,"column":null}}},"fnMap":{"0":{"name":"Login","decl":{"start":{"line":12,"column":16},"end":{"line":12,"column":22}},"loc":{"start":{"line":12,"column":47},"end":{"line":175,"column":null}},"line":12},"1":{"name":"(anonymous_1)","decl":{"start":{"line":20,"column":20},"end":{"line":20,"column":26}},"loc":{"start":{"line":20,"column":26},"end":{"line":27,"column":7}},"line":20},"2":{"name":"(anonymous_2)","decl":{"start":{"line":29,"column":25},"end":{"line":29,"column":26}},"loc":{"start":{"line":29,"column":49},"end":{"line":38,"column":null}},"line":29},"3":{"name":"(anonymous_3)","decl":{"start":{"line":33,"column":19},"end":{"line":33,"column":25}},"loc":{"start":{"line":33,"column":25},"end":{"line":37,"column":11}},"line":33},"4":{"name":"(anonymous_4)","decl":{"start":{"line":40,"column":32},"end":{"line":40,"column":38}},"loc":{"start":{"line":40,"column":38},"end":{"line":44,"column":null}},"line":40},"5":{"name":"(anonymous_5)","decl":{"start":{"line":86,"column":37},"end":{"line":86,"column":43}},"loc":{"start":{"line":86,"column":43},"end":{"line":86,"column":null}},"line":86},"6":{"name":"(anonymous_6)","decl":{"start":{"line":96,"column":37},"end":{"line":96,"column":43}},"loc":{"start":{"line":96,"column":43},"end":{"line":96,"column":null}},"line":96},"7":{"name":"(anonymous_7)","decl":{"start":{"line":116,"column":50},"end":{"line":116,"column":51}},"loc":{"start":{"line":116,"column":57},"end":{"line":116,"column":null}},"line":116},"8":{"name":"(anonymous_8)","decl":{"start":{"line":132,"column":46},"end":{"line":132,"column":47}},"loc":{"start":{"line":132,"column":53},"end":{"line":132,"column":null}},"line":132}},"branchMap":{"0":{"loc":{"start":{"line":22,"column":8},"end":{"line":26,"column":null}},"type":"if","locations":[{"start":{"line":22,"column":8},"end":{"line":26,"column":null}},{"start":{},"end":{}}],"line":22},"1":{"loc":{"start":{"line":65,"column":25},"end":{"line":79,"column":null}},"type":"cond-expr","locations":[{"start":{"line":66,"column":28},"end":{"line":74,"column":null}},{"start":{"line":76,"column":28},"end":{"line":79,"column":null}}],"line":65},"2":{"loc":{"start":{"line":89,"column":32},"end":{"line":89,"column":null}},"type":"cond-expr","locations":[{"start":{"line":89,"column":51},"end":{"line":89,"column":89}},{"start":{"line":89,"column":89},"end":{"line":89,"column":null}}],"line":89},"3":{"loc":{"start":{"line":99,"column":32},"end":{"line":99,"column":null}},"type":"cond-expr","locations":[{"start":{"line":99,"column":50},"end":{"line":99,"column":85}},{"start":{"line":99,"column":85},"end":{"line":99,"column":null}}],"line":99},"4":{"loc":{"start":{"line":107,"column":25},"end":{"line":121,"column":null}},"type":"binary-expr","locations":[{"start":{"line":107,"column":25},"end":{"line":107,"column":null}},{"start":{"line":108,"column":28},"end":{"line":121,"column":null}}],"line":107},"5":{"loc":{"start":{"line":144,"column":32},"end":{"line":146,"column":null}},"type":"cond-expr","locations":[{"start":{"line":145,"column":38},"end":{"line":145,"column":null}},{"start":{"line":146,"column":38},"end":{"line":146,"column":null}}],"line":144},"6":{"loc":{"start":{"line":149,"column":29},"end":{"line":155,"column":null}},"type":"cond-expr","locations":[{"start":{"line":150,"column":32},"end":{"line":150,"column":null}},{"start":{"line":152,"column":32},"end":{"line":155,"column":null}}],"line":149},"7":{"loc":{"start":{"line":160,"column":21},"end":{"line":167,"column":null}},"type":"binary-expr","locations":[{"start":{"line":160,"column":21},"end":{"line":160,"column":null}},{"start":{"line":161,"column":24},"end":{"line":167,"column":null}}],"line":160}},"s":{"0":0,"1":0,"2":0,"3":0,"4":0,"5":0,"6":0,"7":0,"8":0,"9":0,"10":0,"11":0,"12":0,"13":0,"14":0,"15":0,"16":0,"17":0,"18":0,"19":0,"20":0,"21":0,"22":0,"23":0,"24":0,"25":0,"26":0,"27":0},"f":{"0":0,"1":0,"2":0,"3":0,"4":0,"5":0,"6":0,"7":0,"8":0},"b":{"0":[0,0],"1":[0,0],"2":[0,0],"3":[0,0],"4":[0,0],"5":[0,0],"6":[0,0],"7":[0,0]},"meta":{"lastBranch":8,"lastFunction":9,"lastStatement":28,"seen":{"f:12:16:12:22":0,"s:13:30:13:Infinity":0,"s:14:36:14:Infinity":1,"s:15:28:15:Infinity":2,"s:16:38:16:Infinity":3,"s:17:44:17:Infinity":4,"s:18:50:18:Infinity":5,"s:20:4:27:Infinity":6,"f:20:20:20:26":1,"s:21:27:21:Infinity":7,"b:22:8:26:Infinity:undefined:undefined:undefined:undefined":0,"s:22:8:26:Infinity":8,"s:23:12:23:Infinity":9,"s:24:12:24:Infinity":10,"s:25:12:25:Infinity":11,"s:29:25:38:Infinity":12,"f:29:25:29:26":2,"s:30:8:30:Infinity":13,"s:31:8:31:Infinity":14,"s:33:8:37:Infinity":15,"f:33:19:33:25":3,"s:34:12:34:Infinity":16,"s:35:12:35:Infinity":17,"s:36:12:36:Infinity":18,"s:40:32:44:Infinity":19,"f:40:32:40:38":4,"s:41:8:41:Infinity":20,"s:42:8:42:Infinity":21,"s:43:8:43:Infinity":22,"s:46:4:173:Infinity":23,"b:66:28:74:Infinity:76:28:79:Infinity":1,"f:86:37:86:43":5,"s:86:43:86:Infinity":24,"b:89:51:89:89:89:89:89:Infinity":2,"f:96:37:96:43":6,"s:96:43:96:Infinity":25,"b:99:50:99:85:99:85:99:Infinity":3,"b:107:25:107:Infinity:108:28:121:Infinity":4,"f:116:50:116:51":7,"s:116:57:116:Infinity":26,"f:132:46:132:47":8,"s:132:53:132:Infinity":27,"b:145:38:145:Infinity:146:38:146:Infinity":5,"b:150:32:150:Infinity:152:32:155:Infinity":6,"b:160:21:160:Infinity:161:24:167:Infinity":7}}}
,"C:\\Users\\s-f-d\\OneDrive\\Escritorio\\muni_front\\fron_semestralFS3\\src\\components\\Sidebar.tsx": {"path":"C:\\Users\\s-f-d\\OneDrive\\Escritorio\\muni_front\\fron_semestralFS3\\src\\components\\Sidebar.tsx","statementMap":{"0":{"start":{"line":15,"column":17},"end":{"line":20,"column":null}},"1":{"start":{"line":30,"column":2},"end":{"line":84,"column":null}},"2":{"start":{"line":48,"column":14},"end":{"line":63,"column":null}},"3":{"start":{"line":50,"column":33},"end":{"line":50,"column":null}}},"fnMap":{"0":{"name":"Sidebar","decl":{"start":{"line":29,"column":16},"end":{"line":29,"column":24}},"loc":{"start":{"line":29,"column":76},"end":{"line":86,"column":null}},"line":29},"1":{"name":"(anonymous_1)","decl":{"start":{"line":47,"column":24},"end":{"line":47,"column":25}},"loc":{"start":{"line":48,"column":14},"end":{"line":63,"column":null}},"line":48},"2":{"name":"(anonymous_2)","decl":{"start":{"line":50,"column":27},"end":{"line":50,"column":33}},"loc":{"start":{"line":50,"column":33},"end":{"line":50,"column":null}},"line":50}},"branchMap":{"0":{"loc":{"start":{"line":53,"column":22},"end":{"line":55,"column":null}},"type":"cond-expr","locations":[{"start":{"line":54,"column":28},"end":{"line":54,"column":null}},{"start":{"line":55,"column":28},"end":{"line":55,"column":null}}],"line":53},"1":{"loc":{"start":{"line":60,"column":20},"end":{"line":60,"column":null}},"type":"cond-expr","locations":[{"start":{"line":60,"column":44},"end":{"line":60,"column":64}},{"start":{"line":60,"column":64},"end":{"line":60,"column":null}}],"line":60}},"s":{"0":1,"1":3,"2":12,"3":1},"f":{"0":3,"1":12,"2":1},"b":{"0":[3,9],"1":[3,9]},"meta":{"lastBranch":2,"lastFunction":3,"lastStatement":4,"seen":{"s:15:17:20:Infinity":0,"f:29:16:29:24":0,"s:30:2:84:Infinity":1,"f:47:24:47:25":1,"s:48:14:63:Infinity":2,"f:50:27:50:33":2,"s:50:33:50:Infinity":3,"b:54:28:54:Infinity:55:28:55:Infinity":0,"b:60:44:60:64:60:64:60:Infinity":1}}}
,"C:\\Users\\s-f-d\\OneDrive\\Escritorio\\muni_front\\fron_semestralFS3\\src\\components\\StatsPanel.tsx": {"path":"C:\\Users\\s-f-d\\OneDrive\\Escritorio\\muni_front\\fron_semestralFS3\\src\\components\\StatsPanel.tsx","statementMap":{"0":{"start":{"line":14,"column":13},"end":{"line":22,"column":null}},"1":{"start":{"line":25,"column":2},"end":{"line":97,"column":null}}},"fnMap":{"0":{"name":"StatsPanel","decl":{"start":{"line":24,"column":16},"end":{"line":24,"column":29}},"loc":{"start":{"line":24,"column":29},"end":{"line":99,"column":null}},"line":24}},"branchMap":{},"s":{"0":1,"1":1},"f":{"0":1},"b":{},"meta":{"lastBranch":0,"lastFunction":1,"lastStatement":2,"seen":{"s:14:13:22:Infinity":0,"f:24:16:24:29":0,"s:25:2:97:Infinity":1}}}
,"C:\\Users\\s-f-d\\OneDrive\\Escritorio\\muni_front\\fron_semestralFS3\\src\\components\\organisms\\ReporteForm.tsx": {"path":"C:\\Users\\s-f-d\\OneDrive\\Escritorio\\muni_front\\fron_semestralFS3\\src\\components\\organisms\\ReporteForm.tsx","statementMap":{"0":{"start":{"line":10,"column":55},"end":{"line":121,"column":null}},"1":{"start":{"line":12,"column":30},"end":{"line":22,"column":null}},"2":{"start":{"line":25,"column":2},"end":{"line":29,"column":null}},"3":{"start":{"line":26,"column":4},"end":{"line":28,"column":null}},"4":{"start":{"line":27,"column":6},"end":{"line":27,"column":null}},"5":{"start":{"line":31,"column":23},"end":{"line":36,"column":null}},"6":{"start":{"line":32,"column":4},"end":{"line":35,"column":null}},"7":{"start":{"line":38,"column":23},"end":{"line":41,"column":null}},"8":{"start":{"line":39,"column":4},"end":{"line":39,"column":null}},"9":{"start":{"line":40,"column":4},"end":{"line":40,"column":null}},"10":{"start":{"line":43,"column":2},"end":{"line":119,"column":null}}},"fnMap":{"0":{"name":"(anonymous_0)","decl":{"start":{"line":10,"column":55},"end":{"line":10,"column":56}},"loc":{"start":{"line":10,"column":102},"end":{"line":121,"column":null}},"line":10},"1":{"name":"(anonymous_1)","decl":{"start":{"line":25,"column":12},"end":{"line":25,"column":18}},"loc":{"start":{"line":25,"column":18},"end":{"line":29,"column":5}},"line":25},"2":{"name":"(anonymous_2)","decl":{"start":{"line":31,"column":23},"end":{"line":31,"column":24}},"loc":{"start":{"line":31,"column":87},"end":{"line":36,"column":null}},"line":31},"3":{"name":"(anonymous_3)","decl":{"start":{"line":38,"column":23},"end":{"line":38,"column":24}},"loc":{"start":{"line":38,"column":47},"end":{"line":41,"column":null}},"line":38}},"branchMap":{"0":{"loc":{"start":{"line":13,"column":4},"end":{"line":21,"column":null}},"type":"binary-expr","locations":[{"start":{"line":13,"column":4},"end":{"line":13,"column":22}},{"start":{"line":13,"column":22},"end":{"line":21,"column":null}}],"line":13},"1":{"loc":{"start":{"line":26,"column":4},"end":{"line":28,"column":null}},"type":"if","locations":[{"start":{"line":26,"column":4},"end":{"line":28,"column":null}},{"start":{},"end":{}}],"line":26},"2":{"loc":{"start":{"line":46,"column":9},"end":{"line":46,"column":71}},"type":"cond-expr","locations":[{"start":{"line":46,"column":26},"end":{"line":46,"column":45}},{"start":{"line":46,"column":45},"end":{"line":46,"column":71}}],"line":46}},"s":{"0":0,"1":0,"2":0,"3":0,"4":0,"5":0,"6":0,"7":0,"8":0,"9":0,"10":0},"f":{"0":0,"1":0,"2":0,"3":0},"b":{"0":[0,0],"1":[0,0],"2":[0,0]},"meta":{"lastBranch":3,"lastFunction":4,"lastStatement":11,"seen":{"s:10:55:121:Infinity":0,"f:10:55:10:56":0,"s:12:30:22:Infinity":1,"b:13:4:13:22:13:22:21:Infinity":0,"s:25:2:29:Infinity":2,"f:25:12:25:18":1,"b:26:4:28:Infinity:undefined:undefined:undefined:undefined":1,"s:26:4:28:Infinity":3,"s:27:6:27:Infinity":4,"s:31:23:36:Infinity":5,"f:31:23:31:24":2,"s:32:4:35:Infinity":6,"s:38:23:41:Infinity":7,"f:38:23:38:24":3,"s:39:4:39:Infinity":8,"s:40:4:40:Infinity":9,"s:43:2:119:Infinity":10,"b:46:26:46:45:46:45:46:71":2}}}
,"C:\\Users\\s-f-d\\OneDrive\\Escritorio\\muni_front\\fron_semestralFS3\\src\\components\\pages\\AlertasPage.tsx": {"path":"C:\\Users\\s-f-d\\OneDrive\\Escritorio\\muni_front\\fron_semestralFS3\\src\\components\\pages\\AlertasPage.tsx","statementMap":{"0":{"start":{"line":6,"column":27},"end":{"line":152,"column":null}},"1":{"start":{"line":7,"column":28},"end":{"line":7,"column":null}},"2":{"start":{"line":8,"column":28},"end":{"line":8,"column":null}},"3":{"start":{"line":11,"column":36},"end":{"line":11,"column":null}},"4":{"start":{"line":12,"column":24},"end":{"line":12,"column":null}},"5":{"start":{"line":13,"column":32},"end":{"line":13,"column":null}},"6":{"start":{"line":14,"column":40},"end":{"line":14,"column":null}},"7":{"start":{"line":16,"column":23},"end":{"line":25,"column":null}},"8":{"start":{"line":17,"column":4},"end":{"line":24,"column":null}},"9":{"start":{"line":18,"column":19},"end":{"line":18,"column":null}},"10":{"start":{"line":19,"column":6},"end":{"line":19,"column":null}},"11":{"start":{"line":21,"column":6},"end":{"line":21,"column":null}},"12":{"start":{"line":23,"column":6},"end":{"line":23,"column":null}},"13":{"start":{"line":27,"column":2},"end":{"line":29,"column":null}},"14":{"start":{"line":28,"column":4},"end":{"line":28,"column":null}},"15":{"start":{"line":31,"column":26},"end":{"line":57,"column":null}},"16":{"start":{"line":32,"column":4},"end":{"line":35,"column":null}},"17":{"start":{"line":33,"column":6},"end":{"line":33,"column":null}},"18":{"start":{"line":34,"column":6},"end":{"line":34,"column":null}},"19":{"start":{"line":37,"column":4},"end":{"line":37,"column":null}},"20":{"start":{"line":38,"column":4},"end":{"line":56,"column":null}},"21":{"start":{"line":40,"column":6},"end":{"line":46,"column":null}},"22":{"start":{"line":48,"column":6},"end":{"line":48,"column":null}},"23":{"start":{"line":49,"column":6},"end":{"line":49,"column":null}},"24":{"start":{"line":50,"column":6},"end":{"line":50,"column":null}},"25":{"start":{"line":52,"column":6},"end":{"line":52,"column":null}},"26":{"start":{"line":53,"column":6},"end":{"line":53,"column":null}},"27":{"start":{"line":55,"column":6},"end":{"line":55,"column":null}},"28":{"start":{"line":59,"column":2},"end":{"line":61,"column":null}},"29":{"start":{"line":60,"column":4},"end":{"line":60,"column":null}},"30":{"start":{"line":63,"column":2},"end":{"line":150,"column":null}},"31":{"start":{"line":72,"column":10},"end":{"line":140,"column":null}},"32":{"start":{"line":106,"column":37},"end":{"line":106,"column":null}},"33":{"start":{"line":112,"column":37},"end":{"line":112,"column":null}},"34":{"start":{"line":116,"column":37},"end":{"line":116,"column":null}},"35":{"start":{"line":123,"column":37},"end":{"line":123,"column":null}},"36":{"start":{"line":132,"column":33},"end":{"line":132,"column":null}}},"fnMap":{"0":{"name":"(anonymous_0)","decl":{"start":{"line":6,"column":27},"end":{"line":6,"column":33}},"loc":{"start":{"line":6,"column":33},"end":{"line":152,"column":null}},"line":6},"1":{"name":"(anonymous_1)","decl":{"start":{"line":16,"column":23},"end":{"line":16,"column":35}},"loc":{"start":{"line":16,"column":35},"end":{"line":25,"column":null}},"line":16},"2":{"name":"(anonymous_2)","decl":{"start":{"line":27,"column":12},"end":{"line":27,"column":18}},"loc":{"start":{"line":27,"column":18},"end":{"line":29,"column":5}},"line":27},"3":{"name":"(anonymous_3)","decl":{"start":{"line":31,"column":26},"end":{"line":31,"column":33}},"loc":{"start":{"line":31,"column":52},"end":{"line":57,"column":null}},"line":31},"4":{"name":"(anonymous_4)","decl":{"start":{"line":71,"column":21},"end":{"line":71,"column":22}},"loc":{"start":{"line":72,"column":10},"end":{"line":140,"column":null}},"line":72},"5":{"name":"(anonymous_5)","decl":{"start":{"line":106,"column":30},"end":{"line":106,"column":31}},"loc":{"start":{"line":106,"column":37},"end":{"line":106,"column":null}},"line":106},"6":{"name":"(anonymous_6)","decl":{"start":{"line":112,"column":30},"end":{"line":112,"column":31}},"loc":{"start":{"line":112,"column":37},"end":{"line":112,"column":null}},"line":112},"7":{"name":"(anonymous_7)","decl":{"start":{"line":116,"column":31},"end":{"line":116,"column":37}},"loc":{"start":{"line":116,"column":37},"end":{"line":116,"column":null}},"line":116},"8":{"name":"(anonymous_8)","decl":{"start":{"line":123,"column":31},"end":{"line":123,"column":37}},"loc":{"start":{"line":123,"column":37},"end":{"line":123,"column":null}},"line":123},"9":{"name":"(anonymous_9)","decl":{"start":{"line":132,"column":27},"end":{"line":132,"column":33}},"loc":{"start":{"line":132,"column":33},"end":{"line":132,"column":null}},"line":132}},"branchMap":{"0":{"loc":{"start":{"line":32,"column":4},"end":{"line":35,"column":null}},"type":"if","locations":[{"start":{"line":32,"column":4},"end":{"line":35,"column":null}},{"start":{},"end":{}}],"line":32},"1":{"loc":{"start":{"line":32,"column":8},"end":{"line":32,"column":30}},"type":"binary-expr","locations":[{"start":{"line":32,"column":8},"end":{"line":32,"column":18}},{"start":{"line":32,"column":18},"end":{"line":32,"column":30}}],"line":32},"2":{"loc":{"start":{"line":59,"column":2},"end":{"line":61,"column":null}},"type":"if","locations":[{"start":{"line":59,"column":2},"end":{"line":61,"column":null}},{"start":{},"end":{}}],"line":59},"3":{"loc":{"start":{"line":100,"column":15},"end":{"line":137,"column":null}},"type":"cond-expr","locations":[{"start":{"line":101,"column":16},"end":{"line":129,"column":null}},{"start":{"line":131,"column":16},"end":{"line":137,"column":null}}],"line":100},"4":{"loc":{"start":{"line":120,"column":23},"end":{"line":120,"column":null}},"type":"cond-expr","locations":[{"start":{"line":120,"column":39},"end":{"line":120,"column":57}},{"start":{"line":120,"column":57},"end":{"line":120,"column":null}}],"line":120},"5":{"loc":{"start":{"line":143,"column":9},"end":{"line":147,"column":null}},"type":"binary-expr","locations":[{"start":{"line":143,"column":9},"end":{"line":143,"column":null}},{"start":{"line":144,"column":10},"end":{"line":147,"column":null}}],"line":143}},"s":{"0":0,"1":0,"2":0,"3":0,"4":0,"5":0,"6":0,"7":0,"8":0,"9":0,"10":0,"11":0,"12":0,"13":0,"14":0,"15":0,"16":0,"17":0,"18":0,"19":0,"20":0,"21":0,"22":0,"23":0,"24":0,"25":0,"26":0,"27":0,"28":0,"29":0,"30":0,"31":0,"32":0,"33":0,"34":0,"35":0,"36":0},"f":{"0":0,"1":0,"2":0,"3":0,"4":0,"5":0,"6":0,"7":0,"8":0,"9":0},"b":{"0":[0,0],"1":[0,0],"2":[0,0],"3":[0,0],"4":[0,0],"5":[0,0]},"meta":{"lastBranch":6,"lastFunction":10,"lastStatement":37,"seen":{"s:6:27:152:Infinity":0,"f:6:27:6:33":0,"s:7:28:7:Infinity":1,"s:8:28:8:Infinity":2,"s:11:36:11:Infinity":3,"s:12:24:12:Infinity":4,"s:13:32:13:Infinity":5,"s:14:40:14:Infinity":6,"s:16:23:25:Infinity":7,"f:16:23:16:35":1,"s:17:4:24:Infinity":8,"s:18:19:18:Infinity":9,"s:19:6:19:Infinity":10,"s:21:6:21:Infinity":11,"s:23:6:23:Infinity":12,"s:27:2:29:Infinity":13,"f:27:12:27:18":2,"s:28:4:28:Infinity":14,"s:31:26:57:Infinity":15,"f:31:26:31:33":3,"b:32:4:35:Infinity:undefined:undefined:undefined:undefined":0,"s:32:4:35:Infinity":16,"b:32:8:32:18:32:18:32:30":1,"s:33:6:33:Infinity":17,"s:34:6:34:Infinity":18,"s:37:4:37:Infinity":19,"s:38:4:56:Infinity":20,"s:40:6:46:Infinity":21,"s:48:6:48:Infinity":22,"s:49:6:49:Infinity":23,"s:50:6:50:Infinity":24,"s:52:6:52:Infinity":25,"s:53:6:53:Infinity":26,"s:55:6:55:Infinity":27,"b:59:2:61:Infinity:undefined:undefined:undefined:undefined":2,"s:59:2:61:Infinity":28,"s:60:4:60:Infinity":29,"s:63:2:150:Infinity":30,"f:71:21:71:22":4,"s:72:10:140:Infinity":31,"b:101:16:129:Infinity:131:16:137:Infinity":3,"f:106:30:106:31":5,"s:106:37:106:Infinity":32,"f:112:30:112:31":6,"s:112:37:112:Infinity":33,"f:116:31:116:37":7,"s:116:37:116:Infinity":34,"b:120:39:120:57:120:57:120:Infinity":4,"f:123:31:123:37":8,"s:123:37:123:Infinity":35,"f:132:27:132:33":9,"s:132:33:132:Infinity":36,"b:143:9:143:Infinity:144:10:147:Infinity":5}}}
,"C:\\Users\\s-f-d\\OneDrive\\Escritorio\\muni_front\\fron_semestralFS3\\src\\components\\pages\\HistorialPage.tsx": {"path":"C:\\Users\\s-f-d\\OneDrive\\Escritorio\\muni_front\\fron_semestralFS3\\src\\components\\pages\\HistorialPage.tsx","statementMap":{"0":{"start":{"line":5,"column":29},"end":{"line":77,"column":null}},"1":{"start":{"line":6,"column":32},"end":{"line":6,"column":null}},"2":{"start":{"line":7,"column":28},"end":{"line":7,"column":null}},"3":{"start":{"line":9,"column":2},"end":{"line":22,"column":null}},"4":{"start":{"line":10,"column":27},"end":{"line":19,"column":null}},"5":{"start":{"line":11,"column":6},"end":{"line":18,"column":null}},"6":{"start":{"line":12,"column":21},"end":{"line":12,"column":null}},"7":{"start":{"line":13,"column":8},"end":{"line":13,"column":null}},"8":{"start":{"line":15,"column":8},"end":{"line":15,"column":null}},"9":{"start":{"line":17,"column":8},"end":{"line":17,"column":null}},"10":{"start":{"line":21,"column":4},"end":{"line":21,"column":null}},"11":{"start":{"line":24,"column":2},"end":{"line":26,"column":null}},"12":{"start":{"line":25,"column":4},"end":{"line":25,"column":null}},"13":{"start":{"line":28,"column":2},"end":{"line":75,"column":null}},"14":{"start":{"line":48,"column":14},"end":{"line":62,"column":null}}},"fnMap":{"0":{"name":"(anonymous_0)","decl":{"start":{"line":5,"column":29},"end":{"line":5,"column":35}},"loc":{"start":{"line":5,"column":35},"end":{"line":77,"column":null}},"line":5},"1":{"name":"(anonymous_1)","decl":{"start":{"line":9,"column":12},"end":{"line":9,"column":18}},"loc":{"start":{"line":9,"column":18},"end":{"line":22,"column":5}},"line":9},"2":{"name":"(anonymous_2)","decl":{"start":{"line":10,"column":27},"end":{"line":10,"column":39}},"loc":{"start":{"line":10,"column":39},"end":{"line":19,"column":null}},"line":10},"3":{"name":"(anonymous_3)","decl":{"start":{"line":47,"column":27},"end":{"line":47,"column":28}},"loc":{"start":{"line":48,"column":14},"end":{"line":62,"column":null}},"line":48}},"branchMap":{"0":{"loc":{"start":{"line":24,"column":2},"end":{"line":26,"column":null}},"type":"if","locations":[{"start":{"line":24,"column":2},"end":{"line":26,"column":null}},{"start":{},"end":{}}],"line":24},"1":{"loc":{"start":{"line":65,"column":13},"end":{"line":70,"column":null}},"type":"binary-expr","locations":[{"start":{"line":65,"column":13},"end":{"line":65,"column":null}},{"start":{"line":66,"column":14},"end":{"line":70,"column":null}}],"line":65}},"s":{"0":0,"1":0,"2":0,"3":0,"4":0,"5":0,"6":0,"7":0,"8":0,"9":0,"10":0,"11":0,"12":0,"13":0,"14":0},"f":{"0":0,"1":0,"2":0,"3":0},"b":{"0":[0,0],"1":[0,0]},"meta":{"lastBranch":2,"lastFunction":4,"lastStatement":15,"seen":{"s:5:29:77:Infinity":0,"f:5:29:5:35":0,"s:6:32:6:Infinity":1,"s:7:28:7:Infinity":2,"s:9:2:22:Infinity":3,"f:9:12:9:18":1,"s:10:27:19:Infinity":4,"f:10:27:10:39":2,"s:11:6:18:Infinity":5,"s:12:21:12:Infinity":6,"s:13:8:13:Infinity":7,"s:15:8:15:Infinity":8,"s:17:8:17:Infinity":9,"s:21:4:21:Infinity":10,"b:24:2:26:Infinity:undefined:undefined:undefined:undefined":0,"s:24:2:26:Infinity":11,"s:25:4:25:Infinity":12,"s:28:2:75:Infinity":13,"f:47:27:47:28":3,"s:48:14:62:Infinity":14,"b:65:13:65:Infinity:66:14:70:Infinity":1}}}
,"C:\\Users\\s-f-d\\OneDrive\\Escritorio\\muni_front\\fron_semestralFS3\\src\\components\\pages\\ReportesPage.tsx": {"path":"C:\\Users\\s-f-d\\OneDrive\\Escritorio\\muni_front\\fron_semestralFS3\\src\\components\\pages\\ReportesPage.tsx","statementMap":{"0":{"start":{"line":7,"column":28},"end":{"line":151,"column":null}},"1":{"start":{"line":8,"column":30},"end":{"line":8,"column":null}},"2":{"start":{"line":9,"column":48},"end":{"line":9,"column":null}},"3":{"start":{"line":10,"column":42},"end":{"line":10,"column":null}},"4":{"start":{"line":11,"column":30},"end":{"line":11,"column":null}},"5":{"start":{"line":13,"column":2},"end":{"line":15,"column":null}},"6":{"start":{"line":14,"column":4},"end":{"line":14,"column":null}},"7":{"start":{"line":17,"column":22},"end":{"line":26,"column":null}},"8":{"start":{"line":18,"column":4},"end":{"line":25,"column":null}},"9":{"start":{"line":19,"column":19},"end":{"line":19,"column":null}},"10":{"start":{"line":20,"column":6},"end":{"line":20,"column":null}},"11":{"start":{"line":22,"column":6},"end":{"line":22,"column":null}},"12":{"start":{"line":24,"column":6},"end":{"line":24,"column":null}},"13":{"start":{"line":28,"column":24},"end":{"line":43,"column":null}},"14":{"start":{"line":29,"column":4},"end":{"line":42,"column":null}},"15":{"start":{"line":30,"column":6},"end":{"line":36,"column":null}},"16":{"start":{"line":31,"column":8},"end":{"line":31,"column":null}},"17":{"start":{"line":32,"column":8},"end":{"line":32,"column":null}},"18":{"start":{"line":34,"column":8},"end":{"line":34,"column":null}},"19":{"start":{"line":35,"column":8},"end":{"line":35,"column":null}},"20":{"start":{"line":37,"column":6},"end":{"line":37,"column":null}},"21":{"start":{"line":38,"column":6},"end":{"line":38,"column":null}},"22":{"start":{"line":39,"column":6},"end":{"line":39,"column":null}},"23":{"start":{"line":41,"column":6},"end":{"line":41,"column":null}},"24":{"start":{"line":45,"column":23},"end":{"line":48,"column":null}},"25":{"start":{"line":46,"column":4},"end":{"line":46,"column":null}},"26":{"start":{"line":47,"column":4},"end":{"line":47,"column":null}},"27":{"start":{"line":50,"column":25},"end":{"line":61,"column":null}},"28":{"start":{"line":51,"column":4},"end":{"line":51,"column":null}},"29":{"start":{"line":51,"column":13},"end":{"line":51,"column":null}},"30":{"start":{"line":53,"column":4},"end":{"line":60,"column":null}},"31":{"start":{"line":54,"column":6},"end":{"line":59,"column":null}},"32":{"start":{"line":55,"column":8},"end":{"line":55,"column":null}},"33":{"start":{"line":56,"column":8},"end":{"line":56,"column":null}},"34":{"start":{"line":58,"column":8},"end":{"line":58,"column":null}},"35":{"start":{"line":63,"column":2},"end":{"line":149,"column":null}},"36":{"start":{"line":71,"column":14},"end":{"line":71,"column":null}},"37":{"start":{"line":72,"column":14},"end":{"line":72,"column":null}},"38":{"start":{"line":88,"column":14},"end":{"line":88,"column":null}},"39":{"start":{"line":89,"column":14},"end":{"line":89,"column":null}},"40":{"start":{"line":103,"column":12},"end":{"line":139,"column":null}},"41":{"start":{"line":125,"column":33},"end":{"line":125,"column":null}},"42":{"start":{"line":132,"column":33},"end":{"line":132,"column":null}}},"fnMap":{"0":{"name":"(anonymous_0)","decl":{"start":{"line":7,"column":28},"end":{"line":7,"column":34}},"loc":{"start":{"line":7,"column":34},"end":{"line":151,"column":null}},"line":7},"1":{"name":"(anonymous_1)","decl":{"start":{"line":13,"column":12},"end":{"line":13,"column":18}},"loc":{"start":{"line":13,"column":18},"end":{"line":15,"column":5}},"line":13},"2":{"name":"(anonymous_2)","decl":{"start":{"line":17,"column":22},"end":{"line":17,"column":34}},"loc":{"start":{"line":17,"column":34},"end":{"line":26,"column":null}},"line":17},"3":{"name":"(anonymous_3)","decl":{"start":{"line":28,"column":24},"end":{"line":28,"column":31}},"loc":{"start":{"line":28,"column":59},"end":{"line":43,"column":null}},"line":28},"4":{"name":"(anonymous_4)","decl":{"start":{"line":45,"column":23},"end":{"line":45,"column":24}},"loc":{"start":{"line":45,"column":52},"end":{"line":48,"column":null}},"line":45},"5":{"name":"(anonymous_5)","decl":{"start":{"line":50,"column":25},"end":{"line":50,"column":32}},"loc":{"start":{"line":50,"column":68},"end":{"line":61,"column":null}},"line":50},"6":{"name":"(anonymous_6)","decl":{"start":{"line":70,"column":21},"end":{"line":70,"column":27}},"loc":{"start":{"line":70,"column":27},"end":{"line":73,"column":null}},"line":70},"7":{"name":"(anonymous_7)","decl":{"start":{"line":87,"column":24},"end":{"line":87,"column":30}},"loc":{"start":{"line":87,"column":30},"end":{"line":90,"column":null}},"line":87},"8":{"name":"(anonymous_8)","decl":{"start":{"line":102,"column":24},"end":{"line":102,"column":25}},"loc":{"start":{"line":103,"column":12},"end":{"line":139,"column":null}},"line":103},"9":{"name":"(anonymous_9)","decl":{"start":{"line":125,"column":27},"end":{"line":125,"column":33}},"loc":{"start":{"line":125,"column":33},"end":{"line":125,"column":null}},"line":125},"10":{"name":"(anonymous_10)","decl":{"start":{"line":132,"column":27},"end":{"line":132,"column":33}},"loc":{"start":{"line":132,"column":33},"end":{"line":132,"column":null}},"line":132}},"branchMap":{"0":{"loc":{"start":{"line":30,"column":6},"end":{"line":36,"column":null}},"type":"if","locations":[{"start":{"line":30,"column":6},"end":{"line":36,"column":null}},{"start":{"line":33,"column":13},"end":{"line":36,"column":null}}],"line":30},"1":{"loc":{"start":{"line":51,"column":4},"end":{"line":51,"column":null}},"type":"if","locations":[{"start":{"line":51,"column":4},"end":{"line":51,"column":null}},{"start":{},"end":{}}],"line":51},"2":{"loc":{"start":{"line":53,"column":4},"end":{"line":60,"column":null}},"type":"if","locations":[{"start":{"line":53,"column":4},"end":{"line":60,"column":null}},{"start":{},"end":{}}],"line":53},"3":{"loc":{"start":{"line":68,"column":9},"end":{"line":78,"column":null}},"type":"binary-expr","locations":[{"start":{"line":68,"column":9},"end":{"line":68,"column":null}},{"start":{"line":69,"column":10},"end":{"line":78,"column":null}}],"line":68},"4":{"loc":{"start":{"line":82,"column":7},"end":{"line":92,"column":null}},"type":"binary-expr","locations":[{"start":{"line":82,"column":7},"end":{"line":82,"column":null}},{"start":{"line":83,"column":8},"end":{"line":92,"column":null}}],"line":82},"5":{"loc":{"start":{"line":95,"column":7},"end":{"line":147,"column":null}},"type":"cond-expr","locations":[{"start":{"line":96,"column":8},"end":{"line":99,"column":null}},{"start":{"line":101,"column":8},"end":{"line":147,"column":null}}],"line":95},"6":{"loc":{"start":{"line":142,"column":11},"end":{"line":145,"column":null}},"type":"binary-expr","locations":[{"start":{"line":142,"column":11},"end":{"line":142,"column":36}},{"start":{"line":142,"column":36},"end":{"line":142,"column":null}},{"start":{"line":143,"column":12},"end":{"line":145,"column":null}}],"line":142}},"s":{"0":0,"1":0,"2":0,"3":0,"4":0,"5":0,"6":0,"7":0,"8":0,"9":0,"10":0,"11":0,"12":0,"13":0,"14":0,"15":0,"16":0,"17":0,"18":0,"19":0,"20":0,"21":0,"22":0,"23":0,"24":0,"25":0,"26":0,"27":0,"28":0,"29":0,"30":0,"31":0,"32":0,"33":0,"34":0,"35":0,"36":0,"37":0,"38":0,"39":0,"40":0,"41":0,"42":0},"f":{"0":0,"1":0,"2":0,"3":0,"4":0,"5":0,"6":0,"7":0,"8":0,"9":0,"10":0},"b":{"0":[0,0],"1":[0,0],"2":[0,0],"3":[0,0],"4":[0,0],"5":[0,0],"6":[0,0,0]},"meta":{"lastBranch":7,"lastFunction":11,"lastStatement":43,"seen":{"s:7:28:151:Infinity":0,"f:7:28:7:34":0,"s:8:30:8:Infinity":1,"s:9:48:9:Infinity":2,"s:10:42:10:Infinity":3,"s:11:30:11:Infinity":4,"s:13:2:15:Infinity":5,"f:13:12:13:18":1,"s:14:4:14:Infinity":6,"s:17:22:26:Infinity":7,"f:17:22:17:34":2,"s:18:4:25:Infinity":8,"s:19:19:19:Infinity":9,"s:20:6:20:Infinity":10,"s:22:6:22:Infinity":11,"s:24:6:24:Infinity":12,"s:28:24:43:Infinity":13,"f:28:24:28:31":3,"s:29:4:42:Infinity":14,"b:30:6:36:Infinity:33:13:36:Infinity":0,"s:30:6:36:Infinity":15,"s:31:8:31:Infinity":16,"s:32:8:32:Infinity":17,"s:34:8:34:Infinity":18,"s:35:8:35:Infinity":19,"s:37:6:37:Infinity":20,"s:38:6:38:Infinity":21,"s:39:6:39:Infinity":22,"s:41:6:41:Infinity":23,"s:45:23:48:Infinity":24,"f:45:23:45:24":4,"s:46:4:46:Infinity":25,"s:47:4:47:Infinity":26,"s:50:25:61:Infinity":27,"f:50:25:50:32":5,"b:51:4:51:Infinity:undefined:undefined:undefined:undefined":1,"s:51:4:51:Infinity":28,"s:51:13:51:Infinity":29,"b:53:4:60:Infinity:undefined:undefined:undefined:undefined":2,"s:53:4:60:Infinity":30,"s:54:6:59:Infinity":31,"s:55:8:55:Infinity":32,"s:56:8:56:Infinity":33,"s:58:8:58:Infinity":34,"s:63:2:149:Infinity":35,"b:68:9:68:Infinity:69:10:78:Infinity":3,"f:70:21:70:27":6,"s:71:14:71:Infinity":36,"s:72:14:72:Infinity":37,"b:82:7:82:Infinity:83:8:92:Infinity":4,"f:87:24:87:30":7,"s:88:14:88:Infinity":38,"s:89:14:89:Infinity":39,"b:96:8:99:Infinity:101:8:147:Infinity":5,"f:102:24:102:25":8,"s:103:12:139:Infinity":40,"f:125:27:125:33":9,"s:125:33:125:Infinity":41,"f:132:27:132:33":10,"s:132:33:132:Infinity":42,"b:142:11:142:36:142:36:142:Infinity:143:12:145:Infinity":6}}}
,"C:\\Users\\s-f-d\\OneDrive\\Escritorio\\muni_front\\fron_semestralFS3\\src\\services\\api.ts": {"path":"C:\\Users\\s-f-d\\OneDrive\\Escritorio\\muni_front\\fron_semestralFS3\\src\\services\\api.ts","statementMap":{"0":{"start":{"line":3,"column":21},"end":{"line":3,"column":null}},"1":{"start":{"line":6,"column":31},"end":{"line":10,"column":null}},"2":{"start":{"line":7,"column":19},"end":{"line":7,"column":null}},"3":{"start":{"line":8,"column":2},"end":{"line":8,"column":null}},"4":{"start":{"line":8,"column":20},"end":{"line":8,"column":null}},"5":{"start":{"line":9,"column":2},"end":{"line":9,"column":null}},"6":{"start":{"line":12,"column":28},"end":{"line":20,"column":null}},"7":{"start":{"line":13,"column":19},"end":{"line":17,"column":null}},"8":{"start":{"line":18,"column":2},"end":{"line":18,"column":null}},"9":{"start":{"line":18,"column":20},"end":{"line":18,"column":null}},"10":{"start":{"line":19,"column":2},"end":{"line":19,"column":null}},"11":{"start":{"line":22,"column":31},"end":{"line":27,"column":null}},"12":{"start":{"line":23,"column":19},"end":{"line":25,"column":null}},"13":{"start":{"line":26,"column":2},"end":{"line":26,"column":null}},"14":{"start":{"line":26,"column":20},"end":{"line":26,"column":null}},"15":{"start":{"line":29,"column":33},"end":{"line":37,"column":null}},"16":{"start":{"line":30,"column":19},"end":{"line":34,"column":null}},"17":{"start":{"line":35,"column":2},"end":{"line":35,"column":null}},"18":{"start":{"line":35,"column":20},"end":{"line":35,"column":null}},"19":{"start":{"line":36,"column":2},"end":{"line":36,"column":null}},"20":{"start":{"line":40,"column":46},"end":{"line":70,"column":null}},"21":{"start":{"line":47,"column":25},"end":{"line":53,"column":null}},"22":{"start":{"line":55,"column":29},"end":{"line":59,"column":null}},"23":{"start":{"line":61,"column":2},"end":{"line":61,"column":null}},"24":{"start":{"line":61,"column":30},"end":{"line":61,"column":null}},"25":{"start":{"line":63,"column":2},"end":{"line":69,"column":null}},"26":{"start":{"line":64,"column":4},"end":{"line":66,"column":null}},"27":{"start":{"line":68,"column":4},"end":{"line":68,"column":null}},"28":{"start":{"line":73,"column":19},"end":{"line":112,"column":null}},"29":{"start":{"line":76,"column":21},"end":{"line":80,"column":null}},"30":{"start":{"line":81,"column":4},"end":{"line":81,"column":null}},"31":{"start":{"line":81,"column":22},"end":{"line":81,"column":null}},"32":{"start":{"line":82,"column":4},"end":{"line":82,"column":null}},"33":{"start":{"line":87,"column":21},"end":{"line":87,"column":null}},"34":{"start":{"line":88,"column":4},"end":{"line":88,"column":null}},"35":{"start":{"line":88,"column":22},"end":{"line":88,"column":null}},"36":{"start":{"line":89,"column":4},"end":{"line":89,"column":null}},"37":{"start":{"line":94,"column":21},"end":{"line":94,"column":null}},"38":{"start":{"line":95,"column":4},"end":{"line":95,"column":null}},"39":{"start":{"line":95,"column":22},"end":{"line":95,"column":null}},"40":{"start":{"line":96,"column":4},"end":{"line":96,"column":null}},"41":{"start":{"line":101,"column":21},"end":{"line":101,"column":null}},"42":{"start":{"line":102,"column":4},"end":{"line":102,"column":null}},"43":{"start":{"line":102,"column":22},"end":{"line":102,"column":null}},"44":{"start":{"line":103,"column":4},"end":{"line":103,"column":null}},"45":{"start":{"line":108,"column":21},"end":{"line":108,"column":null}},"46":{"start":{"line":109,"column":4},"end":{"line":109,"column":null}},"47":{"start":{"line":109,"column":22},"end":{"line":109,"column":null}},"48":{"start":{"line":110,"column":4},"end":{"line":110,"column":null}}},"fnMap":{"0":{"name":"(anonymous_0)","decl":{"start":{"line":6,"column":31},"end":{"line":6,"column":70}},"loc":{"start":{"line":6,"column":70},"end":{"line":10,"column":null}},"line":6},"1":{"name":"(anonymous_1)","decl":{"start":{"line":12,"column":28},"end":{"line":12,"column":35}},"loc":{"start":{"line":12,"column":93},"end":{"line":20,"column":null}},"line":12},"2":{"name":"(anonymous_2)","decl":{"start":{"line":22,"column":31},"end":{"line":22,"column":38}},"loc":{"start":{"line":22,"column":77},"end":{"line":27,"column":null}},"line":22},"3":{"name":"(anonymous_3)","decl":{"start":{"line":29,"column":33},"end":{"line":29,"column":40}},"loc":{"start":{"line":29,"column":93},"end":{"line":37,"column":null}},"line":29},"4":{"name":"(anonymous_4)","decl":{"start":{"line":40,"column":46},"end":{"line":40,"column":null}},"loc":{"start":{"line":46,"column":20},"end":{"line":70,"column":null}},"line":46},"5":{"name":"(anonymous_5)","decl":{"start":{"line":75,"column":9},"end":{"line":75,"column":16}},"loc":{"start":{"line":75,"column":70},"end":{"line":83,"column":null}},"line":75},"6":{"name":"(anonymous_6)","decl":{"start":{"line":86,"column":14},"end":{"line":86,"column":45}},"loc":{"start":{"line":86,"column":45},"end":{"line":90,"column":null}},"line":86},"7":{"name":"(anonymous_7)","decl":{"start":{"line":93,"column":12},"end":{"line":93,"column":50}},"loc":{"start":{"line":93,"column":50},"end":{"line":97,"column":null}},"line":93},"8":{"name":"(anonymous_8)","decl":{"start":{"line":100,"column":16},"end":{"line":100,"column":50}},"loc":{"start":{"line":100,"column":50},"end":{"line":104,"column":null}},"line":100},"9":{"name":"(anonymous_9)","decl":{"start":{"line":107,"column":15},"end":{"line":107,"column":54}},"loc":{"start":{"line":107,"column":54},"end":{"line":111,"column":null}},"line":107}},"branchMap":{"0":{"loc":{"start":{"line":8,"column":2},"end":{"line":8,"column":null}},"type":"if","locations":[{"start":{"line":8,"column":2},"end":{"line":8,"column":null}},{"start":{},"end":{}}],"line":8},"1":{"loc":{"start":{"line":18,"column":2},"end":{"line":18,"column":null}},"type":"if","locations":[{"start":{"line":18,"column":2},"end":{"line":18,"column":null}},{"start":{},"end":{}}],"line":18},"2":{"loc":{"start":{"line":26,"column":2},"end":{"line":26,"column":null}},"type":"if","locations":[{"start":{"line":26,"column":2},"end":{"line":26,"column":null}},{"start":{},"end":{}}],"line":26},"3":{"loc":{"start":{"line":35,"column":2},"end":{"line":35,"column":null}},"type":"if","locations":[{"start":{"line":35,"column":2},"end":{"line":35,"column":null}},{"start":{},"end":{}}],"line":35},"4":{"loc":{"start":{"line":61,"column":2},"end":{"line":61,"column":null}},"type":"if","locations":[{"start":{"line":61,"column":2},"end":{"line":61,"column":null}},{"start":{},"end":{}}],"line":61},"5":{"loc":{"start":{"line":81,"column":4},"end":{"line":81,"column":null}},"type":"if","locations":[{"start":{"line":81,"column":4},"end":{"line":81,"column":null}},{"start":{},"end":{}}],"line":81},"6":{"loc":{"start":{"line":88,"column":4},"end":{"line":88,"column":null}},"type":"if","locations":[{"start":{"line":88,"column":4},"end":{"line":88,"column":null}},{"start":{},"end":{}}],"line":88},"7":{"loc":{"start":{"line":95,"column":4},"end":{"line":95,"column":null}},"type":"if","locations":[{"start":{"line":95,"column":4},"end":{"line":95,"column":null}},{"start":{},"end":{}}],"line":95},"8":{"loc":{"start":{"line":102,"column":4},"end":{"line":102,"column":null}},"type":"if","locations":[{"start":{"line":102,"column":4},"end":{"line":102,"column":null}},{"start":{},"end":{}}],"line":102},"9":{"loc":{"start":{"line":109,"column":4},"end":{"line":109,"column":null}},"type":"if","locations":[{"start":{"line":109,"column":4},"end":{"line":109,"column":null}},{"start":{},"end":{}}],"line":109}},"s":{"0":0,"1":0,"2":0,"3":0,"4":0,"5":0,"6":0,"7":0,"8":0,"9":0,"10":0,"11":0,"12":0,"13":0,"14":0,"15":0,"16":0,"17":0,"18":0,"19":0,"20":0,"21":0,"22":0,"23":0,"24":0,"25":0,"26":0,"27":0,"28":0,"29":0,"30":0,"31":0,"32":0,"33":0,"34":0,"35":0,"36":0,"37":0,"38":0,"39":0,"40":0,"41":0,"42":0,"43":0,"44":0,"45":0,"46":0,"47":0,"48":0},"f":{"0":0,"1":0,"2":0,"3":0,"4":0,"5":0,"6":0,"7":0,"8":0,"9":0},"b":{"0":[0,0],"1":[0,0],"2":[0,0],"3":[0,0],"4":[0,0],"5":[0,0],"6":[0,0],"7":[0,0],"8":[0,0],"9":[0,0]},"meta":{"lastBranch":10,"lastFunction":10,"lastStatement":49,"seen":{"s:3:21:3:Infinity":0,"s:6:31:10:Infinity":1,"f:6:31:6:70":0,"s:7:19:7:Infinity":2,"b:8:2:8:Infinity:undefined:undefined:undefined:undefined":0,"s:8:2:8:Infinity":3,"s:8:20:8:Infinity":4,"s:9:2:9:Infinity":5,"s:12:28:20:Infinity":6,"f:12:28:12:35":1,"s:13:19:17:Infinity":7,"b:18:2:18:Infinity:undefined:undefined:undefined:undefined":1,"s:18:2:18:Infinity":8,"s:18:20:18:Infinity":9,"s:19:2:19:Infinity":10,"s:22:31:27:Infinity":11,"f:22:31:22:38":2,"s:23:19:25:Infinity":12,"b:26:2:26:Infinity:undefined:undefined:undefined:undefined":2,"s:26:2:26:Infinity":13,"s:26:20:26:Infinity":14,"s:29:33:37:Infinity":15,"f:29:33:29:40":3,"s:30:19:34:Infinity":16,"b:35:2:35:Infinity:undefined:undefined:undefined:undefined":3,"s:35:2:35:Infinity":17,"s:35:20:35:Infinity":18,"s:36:2:36:Infinity":19,"s:40:46:70:Infinity":20,"f:40:46:40:Infinity":4,"s:47:25:53:Infinity":21,"s:55:29:59:Infinity":22,"b:61:2:61:Infinity:undefined:undefined:undefined:undefined":4,"s:61:2:61:Infinity":23,"s:61:30:61:Infinity":24,"s:63:2:69:Infinity":25,"s:64:4:66:Infinity":26,"s:68:4:68:Infinity":27,"s:73:19:112:Infinity":28,"f:75:9:75:16":5,"s:76:21:80:Infinity":29,"b:81:4:81:Infinity:undefined:undefined:undefined:undefined":5,"s:81:4:81:Infinity":30,"s:81:22:81:Infinity":31,"s:82:4:82:Infinity":32,"f:86:14:86:45":6,"s:87:21:87:Infinity":33,"b:88:4:88:Infinity:undefined:undefined:undefined:undefined":6,"s:88:4:88:Infinity":34,"s:88:22:88:Infinity":35,"s:89:4:89:Infinity":36,"f:93:12:93:50":7,"s:94:21:94:Infinity":37,"b:95:4:95:Infinity:undefined:undefined:undefined:undefined":7,"s:95:4:95:Infinity":38,"s:95:22:95:Infinity":39,"s:96:4:96:Infinity":40,"f:100:16:100:50":8,"s:101:21:101:Infinity":41,"b:102:4:102:Infinity:undefined:undefined:undefined:undefined":8,"s:102:4:102:Infinity":42,"s:102:22:102:Infinity":43,"s:103:4:103:Infinity":44,"f:107:15:107:54":9,"s:108:21:108:Infinity":45,"b:109:4:109:Infinity:undefined:undefined:undefined:undefined":9,"s:109:4:109:Infinity":46,"s:109:22:109:Infinity":47,"s:110:4:110:Infinity":48}}}
}
